<?xml version="1.0" encoding="UTF-8"?>
<!-- Generated by org.testng.reporters.JUnitReportReporter -->
<testsuite hostname="Mohit-PC" name="com.amazon.qa.tests.CasualShirtPageTest" tests="1" failures="0" timestamp="11 Mar 2021 10:04:48 GMT" time="30.955" errors="0">
  <testcase name="validatePageUrl" time="30.955" classname="com.amazon.qa.tests.CasualShirtPageTest"/>
</testsuite> <!-- com.amazon.qa.tests.CasualShirtPageTest -->
