<?xml version="1.0" encoding="UTF-8"?>
<!-- Generated by org.testng.reporters.JUnitReportReporter -->
<testsuite hostname="Mohit-PC" name="com.amazon.qa.tests.HomePageTest" tests="1" failures="0" timestamp="9 Mar 2021 03:06:52 GMT" time="25.417" errors="0">
  <testcase name="validateNavigationToAllOnlineShoppingLinks" time="25.417" classname="com.amazon.qa.tests.HomePageTest"/>
</testsuite> <!-- com.amazon.qa.tests.HomePageTest -->
