<?xml version="1.0" encoding="UTF-8"?>
<!-- Generated by org.testng.reporters.JUnitReportReporter -->
<testsuite hostname="Mohit-PC" name="com.amazon.qa.tests.HomePageTest" tests="8" failures="0" timestamp="11 Mar 2021 10:04:48 GMT" time="200.450" errors="0">
  <testcase name="validateFooterLinksSizeFromHomePage" time="31.067" classname="com.amazon.qa.tests.HomePageTest"/>
  <testcase name="validateNavigationToAllOnlineShoppingLinksFromHomePage" time="26.996" classname="com.amazon.qa.tests.HomePageTest"/>
  <testcase name="validateNavigationToCasualShirtCategory" time="26.583" classname="com.amazon.qa.tests.HomePageTest"/>
  <testcase name="validateAvailabilityOfBagLink" time="22.115" classname="com.amazon.qa.tests.HomePageTest"/>
  <testcase name="verifyNavigationToLoginPage" time="25.518" classname="com.amazon.qa.tests.HomePageTest"/>
  <testcase name="validateNavigationToMenCategory" time="26.456" classname="com.amazon.qa.tests.HomePageTest"/>
  <testcase name="validatePageTitle" time="21.275" classname="com.amazon.qa.tests.HomePageTest"/>
  <testcase name="validateAvailabilityOfWishListLink" time="20.440" classname="com.amazon.qa.tests.HomePageTest"/>
</testsuite> <!-- com.amazon.qa.tests.HomePageTest -->
