<?xml version="1.0" encoding="UTF-8"?>
<!-- Generated by org.testng.reporters.JUnitReportReporter -->
<testsuite skipped="0" hostname="Mohit-PC" name="com.amazon.qa.tests.HomePageTest" tests="5" failures="0" timestamp="07 Mar 2021 14:41:54 GMT" time="162.357" errors="0">
  <testcase name="validateAvailabilityOfWishListLink" time="39.755" classname="com.amazon.qa.tests.HomePageTest"/>
  <testcase name="validateAvailabilityOfBagLink" time="32.273" classname="com.amazon.qa.tests.HomePageTest"/>
  <testcase name="verifyNavigationToLoginPage" time="31.825" classname="com.amazon.qa.tests.HomePageTest"/>
  <testcase name="validateNavigationToCasualShirtCategory" time="33.715" classname="com.amazon.qa.tests.HomePageTest"/>
  <testcase name="validatePageTitle" time="24.789" classname="com.amazon.qa.tests.HomePageTest"/>
</testsuite> <!-- com.amazon.qa.tests.HomePageTest -->
