<?xml version="1.0" encoding="UTF-8"?>
<!-- Generated by org.testng.reporters.JUnitReportReporter -->
<testsuite skipped="0" hostname="Mohit-PC" name="com.amazon.qa.tests.CasualShirtPageTest" tests="1" failures="0" timestamp="07 Mar 2021 14:41:54 GMT" time="37.266" errors="0">
  <testcase name="validatePageUrl" time="37.266" classname="com.amazon.qa.tests.CasualShirtPageTest"/>
</testsuite> <!-- com.amazon.qa.tests.CasualShirtPageTest -->
